<?xml version="1.0" encoding="UTF-8"?>
<!-- Generated by org.testng.reporters.JUnitXMLReporter -->
<testsuite ignored="0" hostname="LAPTOP-4LPLMBEP" failures="0" tests="6" name="Chrome Test" time="31.807" errors="0" timestamp="2020-08-25T12:56:19 IST">
  <testcase classname="com.project.test.EmiCalculator" name="Homepage" time="6.004"/>
  <testcase classname="com.project.test.EmiCalculator" name="CarloanPage" time="0.225"/>
  <testcase classname="com.project.test.EmiCalculator" name="ClearPreSetData" time="1.079"/>
  <testcase classname="com.project.test.EmiCalculator" name="DataInput" time="4.523"/>
  <testcase classname="com.project.test.EmiCalculator" name="Scroll" time="3.044"/>
  <testcase classname="com.project.test.EmiCalculator" name="FetchEmiValues" time="4.811"/>
</testsuite> <!-- Chrome Test -->
