<?xml version="1.0" encoding="UTF-8"?>
<!-- Generated by org.testng.reporters.JUnitXMLReporter -->
<testsuite hostname="Rishav" ignored="5" name="Firefox Test" tests="3" failures="0" timestamp="2020-08-13T17:51:42 IST" time="43.704" errors="0">
  <testcase name="homepage" time="13.973" classname="com.project.test.EmiCalculator"/>
  <testcase name="Carloan" time="0.794" classname="com.project.test.EmiCalculator"/>
  <testcase name="scroll" time="4.134" classname="com.project.test.EmiCalculator"/>
  <testcase name="time" time="0.0" classname="com.project.test.EmiCalculator">
    <ignored/>
  </testcase> <!-- time -->
  <testcase name="rate" time="0.0" classname="com.project.test.EmiCalculator">
    <ignored/>
  </testcase> <!-- rate -->
  <testcase name="cleardata" time="0.0" classname="com.project.test.EmiCalculator">
    <ignored/>
  </testcase> <!-- cleardata -->
  <testcase name="fetch" time="0.0" classname="com.project.test.EmiCalculator">
    <ignored/>
  </testcase> <!-- fetch -->
  <testcase name="amount" time="0.0" classname="com.project.test.EmiCalculator">
    <ignored/>
  </testcase> <!-- amount -->
</testsuite> <!-- Firefox Test -->
