<?xml version="1.0" encoding="UTF-8"?>
<!-- Generated by org.testng.reporters.JUnitXMLReporter -->
<testsuite hostname="Rishav" ignored="0" name="Regression Test" tests="8" failures="0" timestamp="2020-08-13T13:35:26 IST" time="55.639" errors="0">
  <testcase name="homepage" time="29.292" classname="com.project.test.EmiCalculator"/>
  <testcase name="Carloan" time="5.63" classname="com.project.test.EmiCalculator"/>
  <testcase name="cleardata" time="1.359" classname="com.project.test.EmiCalculator"/>
  <testcase name="amount" time="0.818" classname="com.project.test.EmiCalculator"/>
  <testcase name="rate" time="0.244" classname="com.project.test.EmiCalculator"/>
  <testcase name="time" time="3.913" classname="com.project.test.EmiCalculator"/>
  <testcase name="scroll" time="0.036" classname="com.project.test.EmiCalculator"/>
  <testcase name="fetch" time="3.473" classname="com.project.test.EmiCalculator"/>
</testsuite> <!-- Regression Test -->
