<?xml version="1.0" encoding="UTF-8"?>
<!-- Generated by org.testng.reporters.JUnitXMLReporter -->
<testsuite hostname="Rishav" ignored="5" name="Smoke Test" tests="3" failures="0" timestamp="2020-08-13T13:51:05 IST" time="82.407" errors="0">
  <testcase name="homepage" time="20.719" classname="com.project.test.EmiCalculator"/>
  <testcase name="Carloan" time="3.14" classname="com.project.test.EmiCalculator"/>
  <testcase name="scroll" time="0.067" classname="com.project.test.EmiCalculator"/>
  <testcase name="time" time="0.0" classname="com.project.test.EmiCalculator">
    <ignored/>
  </testcase> <!-- time -->
  <testcase name="rate" time="0.0" classname="com.project.test.EmiCalculator">
    <ignored/>
  </testcase> <!-- rate -->
  <testcase name="cleardata" time="0.0" classname="com.project.test.EmiCalculator">
    <ignored/>
  </testcase> <!-- cleardata -->
  <testcase name="fetch" time="0.0" classname="com.project.test.EmiCalculator">
    <ignored/>
  </testcase> <!-- fetch -->
  <testcase name="amount" time="0.0" classname="com.project.test.EmiCalculator">
    <ignored/>
  </testcase> <!-- amount -->
</testsuite> <!-- Smoke Test -->
