<?xml version="1.0" encoding="UTF-8"?>
<!-- Generated by org.testng.reporters.JUnitXMLReporter -->
<testsuite hostname="Rishav" ignored="0" name="Test2" tests="8" failures="0" timestamp="2020-08-13T12:54:30 IST" time="22.959" errors="0">
  <testcase name="homepage" time="8.933" classname="com.project.test.EmiCalculator"/>
  <testcase name="Carloan" time="0.177" classname="com.project.test.EmiCalculator"/>
  <testcase name="cleardata" time="0.69" classname="com.project.test.EmiCalculator"/>
  <testcase name="amount" time="0.212" classname="com.project.test.EmiCalculator"/>
  <testcase name="rate" time="0.175" classname="com.project.test.EmiCalculator"/>
  <testcase name="time" time="3.758" classname="com.project.test.EmiCalculator"/>
  <testcase name="scroll" time="0.037" classname="com.project.test.EmiCalculator"/>
  <testcase name="fetch" time="3.15" classname="com.project.test.EmiCalculator"/>
</testsuite> <!-- Test2 -->
