<?xml version="1.0" encoding="UTF-8"?>
<testng-results ignored="0" total="6" passed="6" failed="0" skipped="0">
  <reporter-output>
  </reporter-output>
  <suite started-at="2020-08-25T12:55:46 IST" name="Suite" finished-at="2020-08-25T12:56:18 IST" duration-ms="31807">
    <groups>
      <group name="regression">
        <method signature="EmiCalculator.CarloanPage()[pri:2, instance:com.project.test.EmiCalculator@96def03]" name="CarloanPage" class="com.project.test.EmiCalculator"/>
        <method signature="EmiCalculator.ClearPreSetData()[pri:3, instance:com.project.test.EmiCalculator@96def03]" name="ClearPreSetData" class="com.project.test.EmiCalculator"/>
        <method signature="EmiCalculator.DataInput()[pri:4, instance:com.project.test.EmiCalculator@96def03]" name="DataInput" class="com.project.test.EmiCalculator"/>
        <method signature="EmiCalculator.FetchEmiValues()[pri:6, instance:com.project.test.EmiCalculator@96def03]" name="FetchEmiValues" class="com.project.test.EmiCalculator"/>
        <method signature="EmiCalculator.Homepage()[pri:1, instance:com.project.test.EmiCalculator@96def03]" name="Homepage" class="com.project.test.EmiCalculator"/>
        <method signature="EmiCalculator.Scroll()[pri:5, instance:com.project.test.EmiCalculator@96def03]" name="Scroll" class="com.project.test.EmiCalculator"/>
      </group> <!-- regression -->
      <group name="smoke">
        <method signature="EmiCalculator.CarloanPage()[pri:2, instance:com.project.test.EmiCalculator@96def03]" name="CarloanPage" class="com.project.test.EmiCalculator"/>
        <method signature="EmiCalculator.Homepage()[pri:1, instance:com.project.test.EmiCalculator@96def03]" name="Homepage" class="com.project.test.EmiCalculator"/>
        <method signature="EmiCalculator.Scroll()[pri:5, instance:com.project.test.EmiCalculator@96def03]" name="Scroll" class="com.project.test.EmiCalculator"/>
      </group> <!-- smoke -->
    </groups>
    <test started-at="2020-08-25T12:55:46 IST" name="Chrome Test" finished-at="2020-08-25T12:56:18 IST" duration-ms="31807">
      <class name="com.project.test.EmiCalculator">
        <test-method is-config="true" signature="Set(java.lang.String)[pri:0, instance:com.project.test.EmiCalculator@96def03]" started-at="2020-08-25T12:55:47 IST" name="Set" finished-at="2020-08-25T12:55:58 IST" duration-ms="11398" status="PASS">
          <params>
            <param index="0">
              <value>
                <![CDATA[chrome]]>
              </value>
            </param>
          </params>
          <reporter-output>
          </reporter-output>
        </test-method> <!-- Set -->
        <test-method signature="Homepage()[pri:1, instance:com.project.test.EmiCalculator@96def03]" started-at="2020-08-25T12:55:58 IST" name="Homepage" finished-at="2020-08-25T12:56:04 IST" duration-ms="6004" status="PASS">
          <reporter-output>
          </reporter-output>
        </test-method> <!-- Homepage -->
        <test-method signature="CarloanPage()[pri:2, instance:com.project.test.EmiCalculator@96def03]" started-at="2020-08-25T12:56:04 IST" name="CarloanPage" finished-at="2020-08-25T12:56:04 IST" duration-ms="225" status="PASS">
          <reporter-output>
          </reporter-output>
        </test-method> <!-- CarloanPage -->
        <test-method signature="ClearPreSetData()[pri:3, instance:com.project.test.EmiCalculator@96def03]" started-at="2020-08-25T12:56:04 IST" name="ClearPreSetData" finished-at="2020-08-25T12:56:05 IST" duration-ms="1079" status="PASS">
          <reporter-output>
          </reporter-output>
        </test-method> <!-- ClearPreSetData -->
        <test-method signature="DataInput()[pri:4, instance:com.project.test.EmiCalculator@96def03]" started-at="2020-08-25T12:56:05 IST" name="DataInput" finished-at="2020-08-25T12:56:10 IST" duration-ms="4523" status="PASS">
          <reporter-output>
          </reporter-output>
        </test-method> <!-- DataInput -->
        <test-method signature="Scroll()[pri:5, instance:com.project.test.EmiCalculator@96def03]" started-at="2020-08-25T12:56:10 IST" name="Scroll" finished-at="2020-08-25T12:56:13 IST" duration-ms="3044" status="PASS">
          <reporter-output>
          </reporter-output>
        </test-method> <!-- Scroll -->
        <test-method signature="FetchEmiValues()[pri:6, instance:com.project.test.EmiCalculator@96def03]" started-at="2020-08-25T12:56:13 IST" name="FetchEmiValues" finished-at="2020-08-25T12:56:18 IST" duration-ms="4811" status="PASS">
          <reporter-output>
          </reporter-output>
        </test-method> <!-- FetchEmiValues -->
        <test-method is-config="true" signature="End()[pri:0, instance:com.project.test.EmiCalculator@96def03]" started-at="2020-08-25T12:56:18 IST" name="End" finished-at="2020-08-25T12:56:18 IST" duration-ms="195" status="PASS">
          <reporter-output>
          </reporter-output>
        </test-method> <!-- End -->
      </class> <!-- com.project.test.EmiCalculator -->
    </test> <!-- Chrome Test -->
  </suite> <!-- Suite -->
</testng-results>
